  HistoryReplay.cpp
C:\Users\aspen\Desktop\Precision-Targeter-Simulator\Precision Targeter Simulator\Precision Targeter Simulator\HistoryReplay.cpp(15,65): warning C4244: 'argument': conversion from 'double' to 'T', possible loss of data
          with
          [
              T=float
          ]
C:\Users\aspen\Desktop\Precision-Targeter-Simulator\Precision Targeter Simulator\Precision Targeter Simulator\HistoryReplay.cpp(15,31): warning C4244: 'argument': conversion from 'double' to 'T', possible loss of data
          with
          [
              T=float
          ]
C:\Users\aspen\Desktop\Precision-Targeter-Simulator\Precision Targeter Simulator\Precision Targeter Simulator\HistoryReplay.cpp(17,20): warning C4244: 'argument': conversion from 'double' to 'float', possible loss of data
C:\Users\aspen\Desktop\Precision-Targeter-Simulator\Precision Targeter Simulator\Precision Targeter Simulator\HistoryReplay.cpp(18,33): warning C4244: 'argument': conversion from 'double' to 'float', possible loss of data
C:\Users\aspen\Desktop\Precision-Targeter-Simulator\Precision Targeter Simulator\Precision Targeter Simulator\HistoryReplay.cpp(18,21): warning C4244: 'argument': conversion from 'double' to 'float', possible loss of data
C:\Users\aspen\Desktop\Precision-Targeter-Simulator\Precision Targeter Simulator\Precision Targeter Simulator\HistoryReplay.cpp(23,65): warning C4244: 'argument': conversion from 'double' to 'T', possible loss of data
          with
          [
              T=float
          ]
C:\Users\aspen\Desktop\Precision-Targeter-Simulator\Precision Targeter Simulator\Precision Targeter Simulator\HistoryReplay.cpp(23,31): warning C4244: 'argument': conversion from 'double' to 'T', possible loss of data
          with
          [
              T=float
          ]
C:\Users\aspen\Desktop\Precision-Targeter-Simulator\Precision Targeter Simulator\Precision Targeter Simulator\HistoryReplay.cpp(25,47): warning C4244: 'argument': conversion from 'double' to 'float', possible loss of data
C:\Users\aspen\Desktop\Precision-Targeter-Simulator\Precision Targeter Simulator\Precision Targeter Simulator\HistoryReplay.cpp(26,37): warning C4244: 'argument': conversion from 'double' to 'float', possible loss of data
C:\Users\aspen\Desktop\Precision-Targeter-Simulator\Precision Targeter Simulator\Precision Targeter Simulator\HistoryReplay.cpp(26,23): warning C4244: 'argument': conversion from 'double' to 'float', possible loss of data
C:\Users\aspen\Desktop\Precision-Targeter-Simulator\Precision Targeter Simulator\Precision Targeter Simulator\HistoryReplay.cpp(33,25): warning C4244: 'initializing': conversion from 'double' to 'float', possible loss of data
C:\Users\aspen\Desktop\Precision-Targeter-Simulator\Precision Targeter Simulator\Precision Targeter Simulator\HistoryReplay.cpp(34,22): warning C4244: 'initializing': conversion from 'double' to 'float', possible loss of data
C:\Users\aspen\Desktop\Precision-Targeter-Simulator\Precision Targeter Simulator\Precision Targeter Simulator\HistoryReplay.cpp(43,21): warning C4244: 'argument': conversion from 'double' to 'T', possible loss of data
          with
          [
              T=float
          ]
C:\Users\aspen\Desktop\Precision-Targeter-Simulator\Precision Targeter Simulator\Precision Targeter Simulator\HistoryReplay.cpp(42,21): warning C4244: 'argument': conversion from 'double' to 'T', possible loss of data
          with
          [
              T=float
          ]
C:\Users\aspen\Desktop\Precision-Targeter-Simulator\Precision Targeter Simulator\Precision Targeter Simulator\HistoryReplay.cpp(47,21): warning C4244: 'argument': conversion from 'double' to 'T', possible loss of data
          with
          [
              T=float
          ]
C:\Users\aspen\Desktop\Precision-Targeter-Simulator\Precision Targeter Simulator\Precision Targeter Simulator\HistoryReplay.cpp(46,21): warning C4244: 'argument': conversion from 'double' to 'T', possible loss of data
          with
          [
              T=float
          ]
  Precision Targeter Simulator.cpp
  Generating Code...
  Precision Targeter Simulator.vcxproj -> C:\Users\aspen\Desktop\Precision-Targeter-Simulator\Precision Targeter Simulator\Debug\Precision Targeter Simulator.exe
